<?xml version="1.0" encoding="UTF-8"?>
<!-- Generated by org.testng.reporters.JUnitReportReporter -->
<testsuite skipped="0" hostname="NJ-PC" name="FlightPortal.LoginPageTest" tests="1" failures="0" timestamp="12 Aug 2018 17:35:09 GMT" time="9.252" errors="0">
  <testcase name="basePageNavigation" time="9.252" classname="FlightPortal.LoginPageTest"/>
</testsuite> <!-- FlightPortal.LoginPageTest -->
