<?xml version="1.0" encoding="UTF-8"?>
<!-- Generated by org.testng.reporters.JUnitReportReporter -->
<testsuite skipped="0" hostname="NJ-PC" name="FlightPortal.ValidateTicketBooking" tests="1" failures="0" timestamp="12 Aug 2018 18:27:36 GMT" time="10.473" errors="0">
  <testcase name="basePageNavigation" time="10.473" classname="FlightPortal.ValidateTicketBooking"/>
</testsuite> <!-- FlightPortal.ValidateTicketBooking -->
